
8월 27, 2019 11:21:22.92 NEW SESSION
8월 27, 2019 11:21:22.93 [5680:12840:0827/112122.727:ERROR:browser_process_sub_thread.cc(203)] Waited 7 ms for network service
8월 27, 2019 11:21:40.17 [8152:6812:0827/112140.173:ERROR:browser_process_sub_thread.cc(203)] Waited 8 ms for network service
8월 27, 2019 11:21:53.76 [12756:6800:0827/112153.761:ERROR:browser_process_sub_thread.cc(203)] Waited 11 ms for network service
8월 27, 2019 11:22:09.37 [11492:12316:0827/112209.375:ERROR:browser_process_sub_thread.cc(203)] Waited 10 ms for network service
8월 27, 2019 11:47:58.16 [7644:7136:0827/114758.166:ERROR:browser_process_sub_thread.cc(203)] Waited 9 ms for network service

8월 29, 2019 21:53:48.04 NEW SESSION
8월 29, 2019 21:53:48.04 [9352:6536:0829/215348.038:ERROR:browser_process_sub_thread.cc(203)] Waited 5 ms for network service

8월 31, 2019 23:48:45.92 NEW SESSION
8월 31, 2019 23:48:45.92 [3128:8196:0831/234845.925:ERROR:browser_process_sub_thread.cc(203)] Waited 14 ms for network service
8월 31, 2019 23:50:56.68 [3468:7156:0831/235056.682:ERROR:browser_process_sub_thread.cc(203)] Waited 13 ms for network service
8월 31, 2019 23:54:27.77 [3420:3128:0831/235427.773:ERROR:browser_process_sub_thread.cc(203)] Waited 4 ms for network service
9월 01, 2019 24:17:16.17 [6188:7040:0901/001716.178:ERROR:browser_process_sub_thread.cc(203)] Waited 17 ms for network service

9월 02, 2019 21:46:41.42 NEW SESSION
9월 02, 2019 21:46:41.42 [8896:1016:0902/214641.232:ERROR:browser_process_sub_thread.cc(203)] Waited 17 ms for network service

9월 06, 2019 16:53:02.64 NEW SESSION
9월 06, 2019 16:53:02.64 [13388:13164:0906/165302.473:ERROR:browser_process_sub_thread.cc(203)] Waited 6 ms for network service

9월 08, 2019 11:44:58.24 NEW SESSION
9월 08, 2019 11:44:58.24 [24532:1224:0908/114458.234:ERROR:wmi_refresher.cc(150)] Unable to add the Win32_PerfRawData_PerfDisk_PhysicalDisk enum.
9월 08, 2019 11:45:03.59 [24532:16848:0908/114503.595:ERROR:browser_process_sub_thread.cc(203)] Waited 407 ms for network service
9월 08, 2019 11:45:03.81 
9월 08, 2019 11:45:03.85 KLIB_SelfTest return : KLR_OK
9월 08, 2019 11:45:48.15 [12568:11228:0908/114548.150:ERROR:wmi_refresher.cc(150)] Unable to add the Win32_PerfRawData_PerfDisk_PhysicalDisk enum.
9월 08, 2019 16:04:56.15 [12568:9900:0908/160456.130:ERROR:browser_process_sub_thread.cc(203)] Waited 52 ms for network service
9월 08, 2019 16:04:57.23 
9월 08, 2019 16:04:57.29 KLIB_SelfTest return : KLR_OK

9월 11, 2019 17:17:20.69 NEW SESSION
9월 11, 2019 17:17:20.69 [13824:6132:0911/171720.695:ERROR:browser_process_sub_thread.cc(203)] Waited 7 ms for network service

9월 16, 2019 19:35:59.45 NEW SESSION
9월 16, 2019 19:35:59.45 [1736:8120:0916/193559.449:ERROR:browser_process_sub_thread.cc(203)] Waited 12 ms for network service
9월 16, 2019 19:37:25.46 [8320:12620:0916/193725.460:ERROR:browser_process_sub_thread.cc(203)] Waited 7 ms for network service
9월 16, 2019 19:39:10.14 [11428:9320:0916/193910.142:ERROR:browser_process_sub_thread.cc(203)] Waited 9 ms for network service

9월 17, 2019 13:30:51.04 NEW SESSION
9월 17, 2019 13:30:51.04 [5672:14004:0917/133051.046:ERROR:browser_process_sub_thread.cc(203)] Waited 16 ms for network service
9월 17, 2019 13:41:49.12 [9004:1724:0917/134149.124:ERROR:browser_process_sub_thread.cc(203)] Waited 8 ms for network service
9월 17, 2019 13:43:38.58 [8152:13780:0917/134338.584:ERROR:browser_process_sub_thread.cc(203)] Waited 6 ms for network service
9월 17, 2019 14:00:49.75 [14148:6652:0917/140049.753:ERROR:browser_process_sub_thread.cc(203)] Waited 9 ms for network service
9월 17, 2019 16:19:25.67 [11968:2300:0917/161925.674:ERROR:browser_process_sub_thread.cc(203)] Waited 13 ms for network service

9월 17, 2019 16:59:10.47 NEW SESSION
9월 17, 2019 16:59:10.47 [11560:3776:0917/165910.475:ERROR:browser_process_sub_thread.cc(203)] Waited 10 ms for network service
9월 17, 2019 17:30:42.49 [9220:9940:0917/173042.497:ERROR:browser_process_sub_thread.cc(203)] Waited 5 ms for network service

9월 17, 2019 21:47:08.01 NEW SESSION
9월 17, 2019 21:47:08.01 [13644:6400:0917/214708.014:ERROR:browser_process_sub_thread.cc(203)] Waited 5 ms for network service

9월 18, 2019 13:40:57.49 NEW SESSION
9월 18, 2019 13:40:57.49 [8768:6700:0918/134057.347:ERROR:browser_process_sub_thread.cc(203)] Waited 6 ms for network service
9월 18, 2019 16:48:16.30 [8544:5716:0918/164816.305:ERROR:browser_process_sub_thread.cc(203)] Waited 9 ms for network service
9월 18, 2019 16:49:30.36 [5952:6560:0918/164930.360:ERROR:browser_process_sub_thread.cc(203)] Waited 8 ms for network service
9월 18, 2019 16:51:28.71 [10268:6456:0918/165128.714:ERROR:browser_process_sub_thread.cc(203)] Waited 9 ms for network service
9월 18, 2019 17:03:06.63 [6996:10884:0918/170306.633:ERROR:browser_process_sub_thread.cc(203)] Waited 13 ms for network service
9월 18, 2019 17:32:25.09 [12632:1824:0918/173225.094:ERROR:browser_process_sub_thread.cc(203)] Waited 8 ms for network service

9월 18, 2019 18:41:49.08 NEW SESSION
9월 18, 2019 18:41:49.08 [10104:7792:0918/184149.079:ERROR:socket_stream.cc(219)] Closing stream with result -2
9월 18, 2019 19:30:31.49 [10104:7792:0918/193031.498:ERROR:browser_process_sub_thread.cc(203)] Waited 5 ms for network service
9월 18, 2019 19:35:59.72 [12928:6968:0918/193559.721:ERROR:browser_process_sub_thread.cc(203)] Waited 8 ms for network service
9월 18, 2019 19:45:44.91 [1952:9244:0918/194544.910:ERROR:browser_process_sub_thread.cc(203)] Waited 7 ms for network service
9월 18, 2019 20:01:18.07 [840:5300:0918/200118.072:ERROR:browser_process_sub_thread.cc(203)] Waited 6 ms for network service
9월 18, 2019 20:03:06.71 [10992:10040:0918/200306.711:ERROR:browser_process_sub_thread.cc(203)] Waited 8 ms for network service
9월 18, 2019 20:30:24.82 [11128:12884:0918/203024.827:ERROR:browser_process_sub_thread.cc(203)] Waited 7 ms for network service
9월 18, 2019 20:35:13.45 [12176:9616:0918/203513.459:ERROR:browser_process_sub_thread.cc(203)] Waited 8 ms for network service
9월 18, 2019 21:50:48.58 [12380:5296:0918/215048.582:ERROR:browser_process_sub_thread.cc(203)] Waited 7 ms for network service
9월 18, 2019 21:52:13.15 [1920:9648:0918/215213.156:ERROR:browser_process_sub_thread.cc(203)] Waited 6 ms for network service

9월 19, 2019 17:19:35.23 NEW SESSION
9월 19, 2019 17:19:35.23 [11932:7848:0919/171935.089:ERROR:browser_process_sub_thread.cc(203)] Waited 7 ms for network service

9월 21, 2019 20:31:15.14 NEW SESSION
9월 21, 2019 20:31:15.14 [12008:7968:0921/203115.141:ERROR:wmi_refresher.cc(150)] Unable to add the Win32_PerfRawData_PerfDisk_PhysicalDisk enum.
9월 21, 2019 23:16:22.23 [12008:10804:0921/231622.236:ERROR:browser_process_sub_thread.cc(203)] Waited 62 ms for network service
9월 21, 2019 23:16:22.32 
9월 21, 2019 23:16:22.34 KLIB_SelfTest return : KLR_OK
9월 21, 2019 23:16:45.32 [20928:13692:0921/231645.322:ERROR:wmi_refresher.cc(150)] Unable to add the Win32_PerfRawData_PerfDisk_PhysicalDisk enum.
9월 22, 2019 24:27:11.09 [20928:14108:0922/002711.092:ERROR:browser_process_sub_thread.cc(203)] Waited 29 ms for network service
9월 22, 2019 24:27:11.20 
9월 22, 2019 24:27:11.22 KLIB_SelfTest return : KLR_OK

9월 24, 2019 11:08:12.10 NEW SESSION
9월 24, 2019 11:08:12.10 [1676:12988:0924/110812.099:ERROR:browser_process_sub_thread.cc(203)] Waited 11 ms for network service
9월 24, 2019 11:52:05.41 [11872:12896:0924/115205.412:ERROR:browser_process_sub_thread.cc(203)] Waited 10 ms for network service

9월 24, 2019 18:34:04.48 NEW SESSION
9월 24, 2019 18:34:04.48 [13804:9608:0924/183404.481:ERROR:data_pack.cc(117)] Could not open pak file for writing: 요청한 작업은, 사용자가 매핑한 구역이 열려 있는 상태인 파일에서 수행할 수 없습니다. (0x4C8)

10월 01, 2019 09:49:55.87 NEW SESSION
10월 01, 2019 09:49:55.87 [6100:14000:1001/094955.865:ERROR:socket_stream.cc(219)] Closing stream with result -2
10월 01, 2019 11:24:55.98 [6100:14000:1001/112455.988:ERROR:mcs_client.cc(761)] Received close command, resetting connection.
